<?xml version="1.0" encoding="UTF-8"?>
<!-- Generated by org.testng.reporters.JUnitXMLReporter -->
<testsuite hostname="DESKTOP-JGL2LC1" ignored="2" name="Test" tests="4" failures="0" timestamp="2019-09-27T00:53:29 IST" time="0.13" errors="0">
  <testcase name="test1" time="0.02" classname="testng.Demo"/>
  <testcase name="test2" time="0.0" classname="testng.Demo"/>
  <testcase name="test3" time="0.004" classname="testng.Demo"/>
  <testcase name="test5" time="0.008" classname="testng.Demo"/>
  <testcase name="test6" time="0.0" classname="testng.Demo">
    <ignored/>
  </testcase> <!-- test6 -->
  <testcase name="test4" time="0.0" classname="testng.Demo">
    <ignored/>
  </testcase> <!-- test4 -->
</testsuite> <!-- Test -->
