<?xml version="1.0" encoding="UTF-8"?>
<testng-results skipped="0" failed="0" ignored="2" total="6" passed="4">
  <reporter-output>
  </reporter-output>
  <suite name="Suite" duration-ms="130" started-at="2019-09-27T00:53:29 IST" finished-at="2019-09-27T00:53:29 IST">
    <groups>
    </groups>
    <test name="Test" duration-ms="130" started-at="2019-09-27T00:53:29 IST" finished-at="2019-09-27T00:53:29 IST">
      <class name="testng.Demo">
        <test-method status="PASS" signature="test1()[pri:0, instance:testng.Demo@18eed359]" name="test1" duration-ms="20" started-at="2019-09-27T00:53:29 IST" finished-at="2019-09-27T00:53:29 IST">
          <reporter-output>
          </reporter-output>
        </test-method> <!-- test1 -->
        <test-method status="PASS" signature="test2()[pri:0, instance:testng.Demo@18eed359]" name="test2" duration-ms="0" started-at="2019-09-27T00:53:29 IST" finished-at="2019-09-27T00:53:29 IST">
          <reporter-output>
          </reporter-output>
        </test-method> <!-- test2 -->
        <test-method status="PASS" signature="test3()[pri:0, instance:testng.Demo@18eed359]" name="test3" duration-ms="4" started-at="2019-09-27T00:53:29 IST" finished-at="2019-09-27T00:53:29 IST">
          <reporter-output>
          </reporter-output>
        </test-method> <!-- test3 -->
        <test-method status="PASS" signature="test5()[pri:0, instance:testng.Demo@18eed359]" name="test5" duration-ms="8" started-at="2019-09-27T00:53:29 IST" finished-at="2019-09-27T00:53:29 IST">
          <reporter-output>
          </reporter-output>
        </test-method> <!-- test5 -->
      </class> <!-- testng.Demo -->
    </test> <!-- Test -->
  </suite> <!-- Suite -->
</testng-results>
