<?xml version="1.0" encoding="UTF-8"?>
<!-- Generated by org.testng.reporters.JUnitXMLReporter -->
<testsuite hostname="DESKTOP-JGL2LC1" ignored="1" name="Default test(failed)(failed)" tests="2" failures="0" timestamp="2019-09-24T12:42:26 IST" time="0.114" errors="0">
  <testcase name="test2" time="0.025" classname="testng.FailedTestcasesTsng"/>
  <testcase name="test3" time="0.003" classname="testng.FailedTestcasesTsng"/>
  <testcase name="test1" time="0.0" classname="testng.FailedTestcasesTsng">
    <ignored/>
  </testcase> <!-- test1 -->
</testsuite> <!-- Default test(failed)(failed) -->
